Script started at Tue Aug 13 17:10:01 -05 2024
Iniciando obtención de datos...
Obteniendo datos meteorológicos para Bogota...
Datos obtenidos exitosamente.
Guardando datos en CSV...
Datos guardados exitosamente.
Proceso completado.
Script ended at Tue Aug 13 17:10:02 -05 2024
Script started at Tue Aug 13 17:20:01 -05 2024
Iniciando obtención de datos...
Obteniendo datos meteorológicos para Bogota...
Datos obtenidos exitosamente.
Guardando datos en CSV...
Datos guardados exitosamente.
Proceso completado.
Script ended at Tue Aug 13 17:20:02 -05 2024
Script started at Tue Aug 13 17:30:01 -05 2024
Iniciando obtención de datos...
Obteniendo datos meteorológicos para Bogota...
Datos obtenidos exitosamente.
Guardando datos en CSV...
Datos guardados exitosamente.
Proceso completado.
Script ended at Tue Aug 13 17:30:01 -05 2024
Script started at Tue Aug 13 17:40:01 -05 2024
Iniciando obtención de datos...
Obteniendo datos meteorológicos para Bogota...
Datos obtenidos exitosamente.
Guardando datos en CSV...
Datos guardados exitosamente.
Proceso completado.
Script ended at Tue Aug 13 17:40:02 -05 2024
Script started at Tue Aug 13 18:00:01 -05 2024
Iniciando obtención de datos...
Obteniendo datos meteorológicos para Bogota...
Datos obtenidos exitosamente.
Guardando datos en CSV...
Datos guardados exitosamente.
Proceso completado.
Script ended at Tue Aug 13 18:00:05 -05 2024
Script started at Tue Aug 13 18:10:01 -05 2024
Iniciando obtención de datos...
Obteniendo datos meteorológicos para Bogota...
Datos obtenidos exitosamente.
Guardando datos en CSV...
Datos guardados exitosamente.
Proceso completado.
Script ended at Tue Aug 13 18:10:02 -05 2024
Script started at Tue Aug 13 18:20:01 -05 2024
Iniciando obtención de datos...
Obteniendo datos meteorológicos para Bogota...
Datos obtenidos exitosamente.
Guardando datos en CSV...
Datos guardados exitosamente.
Proceso completado.
Script ended at Tue Aug 13 18:20:01 -05 2024
Script started at Tue Aug 13 18:30:01 -05 2024
Iniciando obtención de datos...
Obteniendo datos meteorológicos para Bogota...
Datos obtenidos exitosamente.
Guardando datos en CSV...
Datos guardados exitosamente.
Proceso completado.
Script ended at Tue Aug 13 18:30:02 -05 2024
Script started at Tue Aug 13 18:40:01 -05 2024
Iniciando obtención de datos...
Obteniendo datos meteorológicos para Bogota...
Datos obtenidos exitosamente.
Guardando datos en CSV...
Datos guardados exitosamente.
Proceso completado.
Script ended at Tue Aug 13 18:40:02 -05 2024
Script started at Tue Aug 13 18:50:01 -05 2024
Iniciando obtención de datos...
Obteniendo datos meteorológicos para Bogota...
Datos obtenidos exitosamente.
Guardando datos en CSV...
Datos guardados exitosamente.
Proceso completado.
Script ended at Tue Aug 13 18:50:01 -05 2024
Script started at Tue Aug 13 19:00:01 -05 2024
Iniciando obtención de datos...
Obteniendo datos meteorológicos para Bogota...
Datos obtenidos exitosamente.
Guardando datos en CSV...
Datos guardados exitosamente.
Proceso completado.
Script ended at Tue Aug 13 19:00:02 -05 2024
Script started at Tue Aug 13 19:10:01 -05 2024
Iniciando obtención de datos...
Obteniendo datos meteorológicos para Bogota...
Datos obtenidos exitosamente.
Guardando datos en CSV...
Datos guardados exitosamente.
Proceso completado.
Script ended at Tue Aug 13 19:10:02 -05 2024
Script started at Tue Aug 13 19:20:01 -05 2024
Iniciando obtención de datos...
Obteniendo datos meteorológicos para Bogota...
Datos obtenidos exitosamente.
Guardando datos en CSV...
Datos guardados exitosamente.
Proceso completado.
Script ended at Tue Aug 13 19:20:01 -05 2024
Script started at Tue Aug 13 19:30:01 -05 2024
Iniciando obtención de datos...
Obteniendo datos meteorológicos para Bogota...
Datos obtenidos exitosamente.
Guardando datos en CSV...
Datos guardados exitosamente.
Proceso completado.
Script ended at Tue Aug 13 19:30:02 -05 2024
Script started at Tue Aug 13 20:00:01 -05 2024
Iniciando obtención de datos...
Obteniendo datos meteorológicos para Bogota...
Datos obtenidos exitosamente.
Guardando datos en CSV...
Datos guardados exitosamente.
Proceso completado.
Script ended at Tue Aug 13 20:00:01 -05 2024
Script started at Tue Aug 13 20:10:02 -05 2024
Iniciando obtención de datos...
Obteniendo datos meteorológicos para Bogota...
Datos obtenidos exitosamente.
Guardando datos en CSV...
Datos guardados exitosamente.
Proceso completado.
Script ended at Tue Aug 13 20:10:02 -05 2024
Script started at Tue Aug 13 20:20:01 -05 2024
Iniciando obtención de datos...
Obteniendo datos meteorológicos para Bogota...
Datos obtenidos exitosamente.
Guardando datos en CSV...
Datos guardados exitosamente.
Proceso completado.
Script ended at Tue Aug 13 20:20:02 -05 2024
Script started at Tue Aug 13 20:30:01 -05 2024
Iniciando obtención de datos...
Obteniendo datos meteorológicos para Bogota...
Datos obtenidos exitosamente.
Guardando datos en CSV...
Datos guardados exitosamente.
Proceso completado.
Script ended at Tue Aug 13 20:30:01 -05 2024
Script started at Tue Aug 13 20:40:01 -05 2024
Iniciando obtención de datos...
Obteniendo datos meteorológicos para Bogota...
Datos obtenidos exitosamente.
Guardando datos en CSV...
Datos guardados exitosamente.
Proceso completado.
Script ended at Tue Aug 13 20:40:02 -05 2024
Script started at Tue Aug 13 20:50:01 -05 2024
Iniciando obtención de datos...
Obteniendo datos meteorológicos para Bogota...
Datos obtenidos exitosamente.
Guardando datos en CSV...
Datos guardados exitosamente.
Proceso completado.
Script ended at Tue Aug 13 20:50:02 -05 2024
Script started at Tue Aug 13 21:00:01 -05 2024
Iniciando obtención de datos...
Obteniendo datos meteorológicos para Bogota...
Datos obtenidos exitosamente.
Guardando datos en CSV...
Datos guardados exitosamente.
Proceso completado.
Script ended at Tue Aug 13 21:00:02 -05 2024
Script started at Tue Aug 13 21:10:01 -05 2024
Iniciando obtención de datos...
Obteniendo datos meteorológicos para Bogota...
Datos obtenidos exitosamente.
Guardando datos en CSV...
Datos guardados exitosamente.
Proceso completado.
Script ended at Tue Aug 13 21:10:02 -05 2024
Script started at Tue Aug 13 21:20:01 -05 2024
Iniciando obtención de datos...
Obteniendo datos meteorológicos para Bogota...
Datos obtenidos exitosamente.
Guardando datos en CSV...
Datos guardados exitosamente.
Proceso completado.
Script ended at Tue Aug 13 21:20:02 -05 2024
Script started at Tue Aug 13 21:30:01 -05 2024
Iniciando obtención de datos...
Obteniendo datos meteorológicos para Bogota...
Datos obtenidos exitosamente.
Guardando datos en CSV...
Datos guardados exitosamente.
Proceso completado.
Script ended at Tue Aug 13 21:30:02 -05 2024
Script started at Tue Aug 13 21:40:01 -05 2024
Iniciando obtención de datos...
Obteniendo datos meteorológicos para Bogota...
Datos obtenidos exitosamente.
Guardando datos en CSV...
Datos guardados exitosamente.
Proceso completado.
Script ended at Tue Aug 13 21:40:02 -05 2024
Script started at Tue Aug 13 21:50:01 -05 2024
Iniciando obtención de datos...
Obteniendo datos meteorológicos para Bogota...
Datos obtenidos exitosamente.
Guardando datos en CSV...
Datos guardados exitosamente.
Proceso completado.
Script ended at Tue Aug 13 21:50:01 -05 2024
Script started at Tue Aug 13 22:00:01 -05 2024
Iniciando obtención de datos...
Obteniendo datos meteorológicos para Bogota...
Datos obtenidos exitosamente.
Guardando datos en CSV...
Datos guardados exitosamente.
Proceso completado.
Script ended at Tue Aug 13 22:00:02 -05 2024
Script started at Tue Aug 13 22:10:01 -05 2024
Iniciando obtención de datos...
Obteniendo datos meteorológicos para Bogota...
Datos obtenidos exitosamente.
Guardando datos en CSV...
Datos guardados exitosamente.
Proceso completado.
Script ended at Tue Aug 13 22:10:01 -05 2024
Script started at Tue Aug 13 22:20:01 -05 2024
Iniciando obtención de datos...
Obteniendo datos meteorológicos para Bogota...
Datos obtenidos exitosamente.
Guardando datos en CSV...
Datos guardados exitosamente.
Proceso completado.
Script ended at Tue Aug 13 22:20:01 -05 2024
Script started at Tue Aug 13 22:30:01 -05 2024
Iniciando obtención de datos...
Obteniendo datos meteorológicos para Bogota...
Datos obtenidos exitosamente.
Guardando datos en CSV...
Datos guardados exitosamente.
Proceso completado.
Script ended at Tue Aug 13 22:30:02 -05 2024
Script started at Tue Aug 13 22:40:01 -05 2024
Iniciando obtención de datos...
Obteniendo datos meteorológicos para Bogota...
Datos obtenidos exitosamente.
Guardando datos en CSV...
Datos guardados exitosamente.
Proceso completado.
Script ended at Tue Aug 13 22:40:02 -05 2024
Script started at Tue Aug 13 22:50:01 -05 2024
Iniciando obtención de datos...
Obteniendo datos meteorológicos para Bogota...
Datos obtenidos exitosamente.
Guardando datos en CSV...
Datos guardados exitosamente.
Proceso completado.
Script ended at Tue Aug 13 22:50:01 -05 2024
Script started at Tue Aug 13 23:00:01 -05 2024
Iniciando obtención de datos...
Obteniendo datos meteorológicos para Bogota...
Datos obtenidos exitosamente.
Guardando datos en CSV...
Datos guardados exitosamente.
Proceso completado.
Script ended at Tue Aug 13 23:00:02 -05 2024
